<?xml version="1.0" encoding="UTF-8"?>
<robot generator="Robot 6.0.2 (Python 3.11.4 on win32)" generated="20230718 11:28:03.236" rpa="false" schemaversion="3">
<suite id="s1" name="segundoScriptTest" source="C:\ProjetosRobot\treinamentoRobot\Basico\segundoScriptTest.robot">
<test id="s1-t1" name="Cenário 3: Acessar o menu about com sucesso" line="79">
<kw name="Open Browser" library="SeleniumLibrary">
<arg>about:blank</arg>
<arg>chrome</arg>
<doc>Opens a new browser instance to the optional ``url``.</doc>
<msg timestamp="20230718 11:28:03.466" level="INFO">Opening browser 'chrome' to base url 'about:blank'.</msg>
<status status="PASS" starttime="20230718 11:28:03.466" endtime="20230718 11:28:04.571"/>
</kw>
<kw name="Maximize Browser Window" library="SeleniumLibrary">
<doc>Maximizes current browser window.</doc>
<status status="PASS" starttime="20230718 11:28:04.573" endtime="20230718 11:28:04.698"/>
</kw>
<kw name="Go To" library="SeleniumLibrary">
<arg>https://www.saucedemo.com/</arg>
<doc>Navigates the current browser window to the provided ``url``.</doc>
<msg timestamp="20230718 11:28:04.701" level="INFO">Opening url 'https://www.saucedemo.com/'</msg>
<status status="PASS" starttime="20230718 11:28:04.700" endtime="20230718 11:28:05.509"/>
</kw>
<kw name="Wait Until Element Contains" library="SeleniumLibrary">
<arg>xpath=//div[@class='login_logo']</arg>
<arg>Swag Labs</arg>
<doc>Waits until the element ``locator`` contains ``text``.</doc>
<status status="PASS" starttime="20230718 11:28:05.509" endtime="20230718 11:28:05.547"/>
</kw>
<kw name="Input Text" library="SeleniumLibrary">
<arg>xpath=//input[contains(@placeholder,'Username')]</arg>
<arg>standard_user</arg>
<doc>Types the given ``text`` into the text field identified by ``locator``.</doc>
<msg timestamp="20230718 11:28:05.548" level="INFO">Typing text 'standard_user' into text field 'xpath=//input[contains(@placeholder,'Username')]'.</msg>
<status status="PASS" starttime="20230718 11:28:05.548" endtime="20230718 11:28:05.693"/>
</kw>
<kw name="Input Text" library="SeleniumLibrary">
<arg>xpath=//input[contains(@placeholder,'Password')]</arg>
<arg>secret_sauce</arg>
<doc>Types the given ``text`` into the text field identified by ``locator``.</doc>
<msg timestamp="20230718 11:28:05.698" level="INFO">Typing text 'secret_sauce' into text field 'xpath=//input[contains(@placeholder,'Password')]'.</msg>
<status status="PASS" starttime="20230718 11:28:05.693" endtime="20230718 11:28:05.860"/>
</kw>
<kw name="Click Element" library="SeleniumLibrary">
<arg>id=login-button</arg>
<doc>Click the element identified by ``locator``.</doc>
<msg timestamp="20230718 11:28:05.864" level="INFO">Clicking element 'id=login-button'.</msg>
<status status="PASS" starttime="20230718 11:28:05.860" endtime="20230718 11:28:06.038"/>
</kw>
<kw name="Wait Until Element Contains" library="SeleniumLibrary">
<arg>//span[@class='title'][contains(.,'Products')]</arg>
<arg>Products</arg>
<doc>Waits until the element ``locator`` contains ``text``.</doc>
<status status="PASS" starttime="20230718 11:28:06.039" endtime="20230718 11:28:06.084"/>
</kw>
<kw name="Click Element" library="SeleniumLibrary">
<arg>id=react-burger-menu-btn</arg>
<doc>Click the element identified by ``locator``.</doc>
<msg timestamp="20230718 11:28:06.087" level="INFO">Clicking element 'id=react-burger-menu-btn'.</msg>
<status status="PASS" starttime="20230718 11:28:06.085" endtime="20230718 11:28:06.166"/>
</kw>
<kw name="Wait Until Element Is Visible" library="SeleniumLibrary">
<arg>id=about_sidebar_link</arg>
<doc>Waits until the element ``locator`` is visible.</doc>
<status status="PASS" starttime="20230718 11:28:06.167" endtime="20230718 11:28:06.473"/>
</kw>
<kw name="Click Element" library="SeleniumLibrary">
<arg>id=about_sidebar_link</arg>
<doc>Click the element identified by ``locator``.</doc>
<msg timestamp="20230718 11:28:06.473" level="INFO">Clicking element 'id=about_sidebar_link'.</msg>
<status status="PASS" starttime="20230718 11:28:06.473" endtime="20230718 11:28:11.162"/>
</kw>
<kw name="Wait Until Element Is Visible" library="SeleniumLibrary">
<arg>xpath=//button[@class='MuiButtonBase-root MuiButton-root MuiButton-contained MuiButton-containedAccentGreen MuiButton-sizeMedium MuiButton-containedSizeMedium MuiButton-disableElevation MuiButton-fullWidth MuiButton-root MuiButton-contained MuiButton-containedAccentGreen MuiButton-sizeMedium MuiButton-containedSizeMedium MuiButton-disableElevation MuiButton-fullWidth css-as8hpy'][contains(.,'Get started free')]</arg>
<doc>Waits until the element ``locator`` is visible.</doc>
<status status="PASS" starttime="20230718 11:28:11.163" endtime="20230718 11:28:11.239"/>
</kw>
<tag>About</tag>
<status status="PASS" starttime="20230718 11:28:03.465" endtime="20230718 11:28:11.240"/>
</test>
<doc>Aqui estarão todos os testes automatizados do módulo de automação web</doc>
<status status="PASS" starttime="20230718 11:28:03.236" endtime="20230718 11:28:11.242"/>
</suite>
<statistics>
<total>
<stat pass="1" fail="0" skip="0">All Tests</stat>
</total>
<tag>
<stat pass="1" fail="0" skip="0">About</stat>
</tag>
<suite>
<stat pass="1" fail="0" skip="0" id="s1" name="segundoScriptTest">segundoScriptTest</stat>
</suite>
</statistics>
<errors>
</errors>
</robot>
